[0m16:24:47.873742 [debug] [MainThread]: Sending event: {'category': 'dbt', 'action': 'invocation', 'label': 'start', 'context': [<snowplow_tracker.self_describing_json.SelfDescribingJson object at 0x105c40c90>, <snowplow_tracker.self_describing_json.SelfDescribingJson object at 0x105c42450>, <snowplow_tracker.self_describing_json.SelfDescribingJson object at 0x105c4be10>]}


============================== 16:24:47.876405 | cad2d431-dd90-4ab3-bab5-5650ac25d92d ==============================
[0m16:24:47.876405 [info ] [MainThread]: Running with dbt=1.5.9
[0m16:24:47.876711 [debug] [MainThread]: running dbt with arguments {'printer_width': '80', 'indirect_selection': 'eager', 'write_json': 'True', 'log_cache_events': 'False', 'partial_parse': 'True', 'cache_selected_only': 'False', 'warn_error': 'None', 'version_check': 'True', 'fail_fast': 'False', 'log_path': 'logs', 'profiles_dir': '/Users/markogrady/.dbt', 'debug': 'False', 'use_colors': 'True', 'use_experimental_parser': 'False', 'no_print': 'None', 'quiet': 'False', 'warn_error_options': 'WarnErrorOptions(include=[], exclude=[])', 'static_parser': 'True', 'introspect': 'True', 'log_format': 'default', 'target_path': 'None', 'send_anonymous_usage_stats': 'True'}
[0m16:24:47.877312 [debug] [MainThread]: Starter project path: /opt/homebrew/lib/python3.11/site-packages/dbt/include/starter_project
[0m16:28:11.850966 [info ] [MainThread]: Profile dbt_stackoverflow written to /Users/markogrady/.dbt/profiles.yml using target's profile_template.yml and your supplied values. Run 'dbt debug' to validate the connection.
[0m16:28:11.852092 [info ] [MainThread]: 
Your new dbt project "dbt_stackoverflow" was created!

For more information on how to configure the profiles.yml file,
please consult the dbt documentation here:

  https://docs.getdbt.com/docs/configure-your-profile

One more thing:

Need help? Don't hesitate to reach out to us via GitHub issues or on Slack:

  https://community.getdbt.com/

Happy modeling!

[0m16:28:11.852961 [debug] [MainThread]: Command `dbt init` succeeded at 16:28:11.852827 after 203.99 seconds
[0m16:28:11.853383 [debug] [MainThread]: Sending event: {'category': 'dbt', 'action': 'invocation', 'label': 'end', 'context': [<snowplow_tracker.self_describing_json.SelfDescribingJson object at 0x105c35210>, <snowplow_tracker.self_describing_json.SelfDescribingJson object at 0x105c42990>, <snowplow_tracker.self_describing_json.SelfDescribingJson object at 0x105c41410>]}
[0m16:28:11.853822 [debug] [MainThread]: Flushing usage events
[0m16:31:29.549468 [debug] [MainThread]: Sending event: {'category': 'dbt', 'action': 'invocation', 'label': 'start', 'context': [<snowplow_tracker.self_describing_json.SelfDescribingJson object at 0x1114cfd10>, <snowplow_tracker.self_describing_json.SelfDescribingJson object at 0x11154af50>, <snowplow_tracker.self_describing_json.SelfDescribingJson object at 0x11154b7d0>]}


============================== 16:31:29.552165 | c16eaa72-3f6e-48c4-9773-3d6113a15e23 ==============================
[0m16:31:29.552165 [info ] [MainThread]: Running with dbt=1.7.13
[0m16:31:29.552505 [debug] [MainThread]: running dbt with arguments {'printer_width': '80', 'indirect_selection': 'eager', 'write_json': 'True', 'log_cache_events': 'False', 'partial_parse': 'True', 'cache_selected_only': 'False', 'warn_error': 'None', 'version_check': 'True', 'profiles_dir': '/Users/markogrady/.dbt', 'log_path': 'logs', 'debug': 'False', 'fail_fast': 'False', 'use_colors': 'True', 'use_experimental_parser': 'False', 'no_print': 'None', 'quiet': 'False', 'warn_error_options': 'WarnErrorOptions(include=[], exclude=[])', 'invocation_command': 'dbt deps', 'log_format': 'default', 'introspect': 'True', 'target_path': 'None', 'static_parser': 'True', 'send_anonymous_usage_stats': 'True'}
[0m16:31:29.552971 [error] [MainThread]: Encountered an error:
Runtime Error
  No dbt_project.yml found at expected path /Users/markogrady/repos/stackoverflow_dbt/dbt_stackoverflow/dbt_project.yml
  Verify that each entry within packages.yml (and their transitive dependencies) contains a file named dbt_project.yml
  
[0m16:31:29.553945 [debug] [MainThread]: Resource report: {"command_name": "deps", "command_wall_clock_time": 0.029786957, "process_user_time": 0.742159, "process_kernel_time": 0.091884, "process_mem_max_rss": "102449152", "command_success": false, "process_in_blocks": "0", "process_out_blocks": "0"}
[0m16:31:29.554254 [debug] [MainThread]: Command `dbt deps` failed at 16:31:29.554187 after 0.03 seconds
[0m16:31:29.554468 [debug] [MainThread]: Sending event: {'category': 'dbt', 'action': 'invocation', 'label': 'end', 'context': [<snowplow_tracker.self_describing_json.SelfDescribingJson object at 0x1114d9190>, <snowplow_tracker.self_describing_json.SelfDescribingJson object at 0x111557b90>, <snowplow_tracker.self_describing_json.SelfDescribingJson object at 0x1023a9550>]}
[0m16:31:29.554671 [debug] [MainThread]: Flushing usage events
[0m16:36:16.864255 [debug] [MainThread]: Sending event: {'category': 'dbt', 'action': 'invocation', 'label': 'start', 'context': [<snowplow_tracker.self_describing_json.SelfDescribingJson object at 0x108a4dc90>, <snowplow_tracker.self_describing_json.SelfDescribingJson object at 0x108abea90>, <snowplow_tracker.self_describing_json.SelfDescribingJson object at 0x108abf310>]}


============================== 16:36:16.866951 | 5909de0b-e9d9-44ab-bb6f-406a28d3ef67 ==============================
[0m16:36:16.866951 [info ] [MainThread]: Running with dbt=1.7.13
[0m16:36:16.867311 [debug] [MainThread]: running dbt with arguments {'printer_width': '80', 'indirect_selection': 'eager', 'log_cache_events': 'False', 'write_json': 'True', 'partial_parse': 'True', 'cache_selected_only': 'False', 'warn_error': 'None', 'debug': 'False', 'profiles_dir': '/Users/markogrady/.dbt', 'log_path': 'logs', 'fail_fast': 'False', 'version_check': 'True', 'use_colors': 'True', 'use_experimental_parser': 'False', 'no_print': 'None', 'quiet': 'False', 'warn_error_options': 'WarnErrorOptions(include=[], exclude=[])', 'invocation_command': 'dbt debug', 'introspect': 'True', 'static_parser': 'True', 'target_path': 'None', 'log_format': 'default', 'send_anonymous_usage_stats': 'True'}
[0m16:36:16.867673 [info ] [MainThread]: dbt version: 1.7.13
[0m16:36:16.867867 [info ] [MainThread]: python version: 3.11.6
[0m16:36:16.868050 [info ] [MainThread]: python path: /Users/markogrady/repos/stackoverflow_dbt/dbtenv/bin/python3
[0m16:36:16.868215 [info ] [MainThread]: os info: macOS-14.4.1-arm64-arm-64bit
[0m16:36:17.519509 [info ] [MainThread]: Using profiles dir at /Users/markogrady/.dbt
[0m16:36:17.519812 [info ] [MainThread]: Using profiles.yml file at /Users/markogrady/.dbt/profiles.yml
[0m16:36:17.520002 [info ] [MainThread]: Using dbt_project.yml file at /Users/markogrady/repos/stackoverflow_dbt/dbt_stackoverflow/dbt_project.yml
[0m16:36:17.520213 [error] [MainThread]: Encountered an error:
Internal Error
  Profile should not be None if loading profile completed
[0m16:36:17.521457 [debug] [MainThread]: Resource report: {"command_name": "debug", "command_wall_clock_time": 0.6810105, "process_user_time": 2.746269, "process_kernel_time": 0.37541, "process_mem_max_rss": "189939712", "command_success": false, "process_in_blocks": "0", "process_out_blocks": "0"}
[0m16:36:17.521764 [debug] [MainThread]: Command `dbt debug` failed at 16:36:17.521702 after 0.68 seconds
[0m16:36:17.521955 [debug] [MainThread]: Sending event: {'category': 'dbt', 'action': 'invocation', 'label': 'end', 'context': [<snowplow_tracker.self_describing_json.SelfDescribingJson object at 0x108abf0d0>, <snowplow_tracker.self_describing_json.SelfDescribingJson object at 0x108a58e10>, <snowplow_tracker.self_describing_json.SelfDescribingJson object at 0x108a9a350>]}
[0m16:36:17.522142 [debug] [MainThread]: Flushing usage events
[0m16:42:51.166461 [debug] [MainThread]: Sending event: {'category': 'dbt', 'action': 'invocation', 'label': 'start', 'context': [<snowplow_tracker.self_describing_json.SelfDescribingJson object at 0x1129e5750>, <snowplow_tracker.self_describing_json.SelfDescribingJson object at 0x1129f34d0>, <snowplow_tracker.self_describing_json.SelfDescribingJson object at 0x1129f3d10>]}


============================== 16:42:51.168957 | 5a781bcb-9965-4d58-8aad-c360160620ea ==============================
[0m16:42:51.168957 [info ] [MainThread]: Running with dbt=1.7.13
[0m16:42:51.169284 [debug] [MainThread]: running dbt with arguments {'printer_width': '80', 'indirect_selection': 'eager', 'write_json': 'True', 'log_cache_events': 'False', 'partial_parse': 'True', 'cache_selected_only': 'False', 'warn_error': 'None', 'version_check': 'True', 'debug': 'False', 'log_path': 'logs', 'fail_fast': 'False', 'profiles_dir': '/Users/markogrady/.dbt', 'use_colors': 'True', 'use_experimental_parser': 'False', 'no_print': 'None', 'quiet': 'False', 'warn_error_options': 'WarnErrorOptions(include=[], exclude=[])', 'static_parser': 'True', 'invocation_command': 'dbt build', 'introspect': 'True', 'target_path': 'None', 'log_format': 'default', 'send_anonymous_usage_stats': 'True'}
[0m16:42:51.169592 [error] [MainThread]: Encountered an error:
Runtime Error
  No dbt_project.yml found at expected path /Users/markogrady/repos/stackoverflow_dbt/dbt_stackoverflow/dbt_project.yml
  Verify that each entry within packages.yml (and their transitive dependencies) contains a file named dbt_project.yml
  
[0m16:42:51.170511 [debug] [MainThread]: Resource report: {"command_name": "build", "command_wall_clock_time": 0.029286375, "process_user_time": 0.739364, "process_kernel_time": 0.094592, "process_mem_max_rss": "100335616", "command_success": false, "process_in_blocks": "0", "process_out_blocks": "0"}
[0m16:42:51.170804 [debug] [MainThread]: Command `dbt build` failed at 16:42:51.170740 after 0.03 seconds
[0m16:42:51.170998 [debug] [MainThread]: Sending event: {'category': 'dbt', 'action': 'invocation', 'label': 'end', 'context': [<snowplow_tracker.self_describing_json.SelfDescribingJson object at 0x11299d350>, <snowplow_tracker.self_describing_json.SelfDescribingJson object at 0x112a1bbd0>, <snowplow_tracker.self_describing_json.SelfDescribingJson object at 0x1050f8090>]}
[0m16:42:51.171182 [debug] [MainThread]: Flushing usage events
